<?xml version="1.0" encoding="UTF-8"?>
<!-- Generated by org.testng.reporters.JUnitXMLReporter -->
<testsuite hostname="Aleksandras-MBP.hsd1.ca.comcast.net" ignored="1" name="Surefire test" tests="1" failures="1" timestamp="2020-04-26T18:28:37 PDT" time="0.258" errors="0">
  <testcase name="test2" time="0.073" classname="core.PrimeNumberCheckerTest">
    <failure type="java.lang.AssertionError" message="
Expected: &amp;quot;abce&amp;quot;
     but: was &amp;quot;abcd&amp;quot;">
      <![CDATA[java.lang.AssertionError: 
Expected: "abce"
     but: was "abcd"
at org.hamcrest.MatcherAssert.assertThat(MatcherAssert.java:18)
at org.hamcrest.MatcherAssert.assertThat(MatcherAssert.java:6)
at core.PrimeNumberCheckerTest.test2(PrimeNumberCheckerTest.java:38)
at java.util.ArrayList.forEach(ArrayList.java:1257)
... Removed 32 stack frames]]>
    </failure>
  </testcase> <!-- test2 -->
  <testcase name="test" time="0.0" classname="core.PrimeNumberCheckerTest">
    <ignored/>
  </testcase> <!-- test -->
</testsuite> <!-- Surefire test -->
