-------------------------------------------------------------------------------
Test set: core.PrimeNumberCheckerTest
-------------------------------------------------------------------------------
Tests run: 1, Failures: 1, Errors: 0, Skipped: 0, Time elapsed: 1.182 s <<< FAILURE! - in core.PrimeNumberCheckerTest
test2(core.PrimeNumberCheckerTest)  Time elapsed: 0.084 s  <<< FAILURE!
java.lang.AssertionError: 

Expected: "abce"
     but: was "abcd"
	at core.PrimeNumberCheckerTest.test2(PrimeNumberCheckerTest.java:38)

